Build started 2016/3/3 17:11:23.
     1>Project "D:\RQRunning\ColorCorrection\ZWJ\Disparity\ADCensus-master\ADCensus_Build\stereoDense\stereoDense.vcxproj" on node 2 (Build target(s)).
     1>ClCompile:
         C:\Program Files (x86)\Microsoft Visual Studio 11.0\VC\bin\x86_amd64\CL.exe /c /I"D:\RQRunning\ColorCorrection\ZWJ\Disparity\ADCensus-master\ADCensus_CMake\stereoDense\.." /nologo /W3 /WX- /O2 /Ob2 /D WIN32 /D _WINDOWS /D NDEBUG /D "CMAKE_INTDIR=\"Release\"" /D _MBCS /Gm- /EHsc /MD /GS /fp:precise /Zc:wchar_t /Zc:forScope /GR /openmp /Fo"stereoDense.dir\Release\\" /Fd"stereoDense.dir\Release\vc110.pdb" /Gd /TP /errorReport:prompt "D:\RQRunning\ColorCorrection\ZWJ\Disparity\ADCensus-master\ADCensus_CMake\stereoDense\stereoDense.cpp"
         stereoDense.cpp
     1>D:\RQRunning\ColorCorrection\ZWJ\Disparity\ADCensus-master\ADCensus_CMake\stereoDense\..\libIO/cmdLine.h(147): warning C4290: C++ exception specification ignored except to indicate a function is not __declspec(nothrow)
     1>D:\RQRunning\ColorCorrection\ZWJ\Disparity\ADCensus-master\ADCensus_CMake\stereoDense\stereoDense.cpp(44): warning C4267: '=' : conversion from 'size_t' to 'int', possible loss of data
     1>D:\RQRunning\ColorCorrection\ZWJ\Disparity\ADCensus-master\ADCensus_CMake\stereoDense\stereoDense.cpp(260): warning C4267: 'initializing' : conversion from 'size_t' to 'int', possible loss of data
     1>D:\RQRunning\ColorCorrection\ZWJ\Disparity\ADCensus-master\ADCensus_CMake\stereoDense\stereoDense.cpp(268): warning C4267: 'initializing' : conversion from 'size_t' to 'int', possible loss of data
     1>D:\RQRunning\ColorCorrection\ZWJ\Disparity\ADCensus-master\ADCensus_CMake\stereoDense\stereoDense.cpp(269): warning C4267: 'initializing' : conversion from 'size_t' to 'int', possible loss of data
     1>D:\RQRunning\ColorCorrection\ZWJ\Disparity\ADCensus-master\ADCensus_CMake\stereoDense\stereoDense.cpp(275): warning C4267: 'initializing' : conversion from 'size_t' to 'int', possible loss of data
     1>D:\RQRunning\ColorCorrection\ZWJ\Disparity\ADCensus-master\ADCensus_CMake\stereoDense\stereoDense.cpp(276): warning C4267: 'initializing' : conversion from 'size_t' to 'int', possible loss of data
     1>D:\RQRunning\ColorCorrection\ZWJ\Disparity\ADCensus-master\ADCensus_CMake\stereoDense\stereoDense.cpp(307): warning C4267: 'initializing' : conversion from 'size_t' to 'int', possible loss of data
     1>D:\RQRunning\ColorCorrection\ZWJ\Disparity\ADCensus-master\ADCensus_CMake\stereoDense\stereoDense.cpp(308): warning C4267: 'initializing' : conversion from 'size_t' to 'int', possible loss of data
     1>D:\RQRunning\ColorCorrection\ZWJ\Disparity\ADCensus-master\ADCensus_CMake\stereoDense\stereoDense.cpp(309): warning C4267: 'initializing' : conversion from 'size_t' to 'int', possible loss of data
     1>D:\RQRunning\ColorCorrection\ZWJ\Disparity\ADCensus-master\ADCensus_CMake\stereoDense\stereoDense.cpp(310): warning C4267: 'initializing' : conversion from 'size_t' to 'int', possible loss of data
     1>D:\RQRunning\ColorCorrection\ZWJ\Disparity\ADCensus-master\ADCensus_CMake\stereoDense\stereoDense.cpp(311): warning C4267: 'initializing' : conversion from 'size_t' to 'int', possible loss of data
     1>D:\RQRunning\ColorCorrection\ZWJ\Disparity\ADCensus-master\ADCensus_CMake\stereoDense\stereoDense.cpp(312): warning C4267: 'initializing' : conversion from 'size_t' to 'int', possible loss of data
     1>D:\RQRunning\ColorCorrection\ZWJ\Disparity\ADCensus-master\ADCensus_CMake\stereoDense\stereoDense.cpp(367): warning C4267: 'initializing' : conversion from 'size_t' to 'int', possible loss of data
     1>D:\RQRunning\ColorCorrection\ZWJ\Disparity\ADCensus-master\ADCensus_CMake\stereoDense\stereoDense.cpp(368): warning C4267: 'initializing' : conversion from 'size_t' to 'int', possible loss of data
     1>D:\RQRunning\ColorCorrection\ZWJ\Disparity\ADCensus-master\ADCensus_CMake\stereoDense\stereoDense.cpp(422): warning C4267: 'initializing' : conversion from 'size_t' to 'int', possible loss of data
     1>D:\RQRunning\ColorCorrection\ZWJ\Disparity\ADCensus-master\ADCensus_CMake\stereoDense\stereoDense.cpp(423): warning C4267: 'initializing' : conversion from 'size_t' to 'int', possible loss of data
       Link:
         C:\Program Files (x86)\Microsoft Visual Studio 11.0\VC\bin\x86_amd64\link.exe /ERRORREPORT:PROMPT /OUT:"D:\RQRunning\ColorCorrection\ZWJ\Disparity\ADCensus-master\ADCensus_Build\bin\Release\stereoDense.exe" /INCREMENTAL:NO /NOLOGO kernel32.lib user32.lib gdi32.lib winspool.lib shell32.lib ole32.lib oleaut32.lib uuid.lib comdlg32.lib advapi32.lib ..\lib\Release\Stereo.lib ..\lib\Release\IO.lib ..\lib\Release\tiff.lib ..\lib\Release\png.lib ..\lib\Release\zlib.lib /MANIFEST /MANIFESTUAC:"level='asInvoker' uiAccess='false'" /manifest:embed /PDB:"D:/RQRunning/ColorCorrection/ZWJ/Disparity/ADCensus-master/ADCensus_Build/bin/Release/stereoDense.pdb" /SUBSYSTEM:CONSOLE /TLBID:1 /DYNAMICBASE /NXCOMPAT /IMPLIB:"D:/RQRunning/ColorCorrection/ZWJ/Disparity/ADCensus-master/ADCensus_Build/lib/Release/stereoDense.lib" /MACHINE:X64  /machine:x64 stereoDense.dir\Release\stereoDense.obj
         stereoDense.dir\Release\parameters.obj
            Creating library D:/RQRunning/ColorCorrection/ZWJ/Disparity/ADCensus-master/ADCensus_Build/lib/Release/stereoDense.lib and object D:/RQRunning/ColorCorrection/ZWJ/Disparity/ADCensus-master/ADCensus_Build/lib/Release/stereoDense.exp
         stereoDense.vcxproj -> D:\RQRunning\ColorCorrection\ZWJ\Disparity\ADCensus-master\ADCensus_Build\bin\Release\stereoDense.exe
     1>Done Building Project "D:\RQRunning\ColorCorrection\ZWJ\Disparity\ADCensus-master\ADCensus_Build\stereoDense\stereoDense.vcxproj" (Build target(s)).

Build succeeded.

Time Elapsed 00:00:01.31
