Build started 2016/4/26 21:23:57.
     1>Project "H:\intrinsic_image_work_record\code\Meanshift\build\meanshift-cv.vcxproj" on node 2 (Build target(s)).
     1>ClCompile:
         C:\Program Files (x86)\Microsoft Visual Studio 11.0\VC\bin\x86_amd64\CL.exe /c /IG:\install\OpenCVinstall\opencv\build\include /IG:\install\OpenCVinstall\opencv\build\include\opencv /nologo /W3 /WX- /O2 /Ob2 /D WIN32 /D _WINDOWS /D NDEBUG /D "CMAKE_INTDIR=\"Release\"" /D _MBCS /Gm- /EHsc /MD /GS /fp:precise /Zc:wchar_t /Zc:forScope /GR /Fo"meanshift-cv.dir\Release\\" /Fd"meanshift-cv.dir\Release\vc110.pdb" /Gd /TP /errorReport:prompt H:\intrinsic_image_work_record\code\Meanshift\source\ms_cv.cpp
         ms_cv.cpp
     1>g:\install\opencvinstall\opencv\build\include\opencv2\flann\logger.h(66): warning C4996: 'fopen': This function or variable may be unsafe. Consider using fopen_s instead. To disable deprecation, use _CRT_SECURE_NO_WARNINGS. See online help for details.
                 C:\Program Files (x86)\Microsoft Visual Studio 11.0\VC\include\stdio.h(218) : see declaration of 'fopen'
     1>H:\intrinsic_image_work_record\code\Meanshift\source\ms_cv.cpp(134): warning C4244: 'argument' : conversion from 'int' to 'float', possible loss of data
       Link:
         C:\Program Files (x86)\Microsoft Visual Studio 11.0\VC\bin\x86_amd64\link.exe /ERRORREPORT:PROMPT /OUT:"H:\intrinsic_image_work_record\code\Meanshift\build\Release\meanshift-cv.exe" /INCREMENTAL:NO /NOLOGO /LIBPATH:G:/install/OpenCVinstall/opencv/build/x64/vc11/lib /LIBPATH:G:/install/OpenCVinstall/opencv/build/x64/vc11/lib/Release kernel32.lib user32.lib gdi32.lib winspool.lib shell32.lib ole32.lib oleaut32.lib uuid.lib comdlg32.lib advapi32.lib G:\install\OpenCVinstall\opencv\build\x64\vc11\lib\opencv_calib3d245.lib G:\install\OpenCVinstall\opencv\build\x64\vc11\lib\opencv_contrib245.lib G:\install\OpenCVinstall\opencv\build\x64\vc11\lib\opencv_core245.lib G:\install\OpenCVinstall\opencv\build\x64\vc11\lib\opencv_features2d245.lib G:\install\OpenCVinstall\opencv\build\x64\vc11\lib\opencv_flann245.lib G:\install\OpenCVinstall\opencv\build\x64\vc11\lib\opencv_gpu245.lib G:\install\OpenCVinstall\opencv\build\x64\vc11\lib\opencv_highgui245.lib G:\install\OpenCVinstall\opencv\build\x64\vc11\lib\opencv_imgproc245.lib G:\install\OpenCVinstall\opencv\build\x64\vc11\lib\opencv_legacy245.lib G:\install\OpenCVinstall\opencv\build\x64\vc11\lib\opencv_ml245.lib G:\install\OpenCVinstall\opencv\build\x64\vc11\lib\opencv_nonfree245.lib G:\install\OpenCVinstall\opencv\build\x64\vc11\lib\opencv_objdetect245.lib G:\install\OpenCVinstall\opencv\build\x64\vc11\lib\opencv_photo245.lib G:\install\OpenCVinstall\opencv\build\x64\vc11\lib\opencv_stitching245.lib G:\install\OpenCVinstall\opencv\build\x64\vc11\lib\opencv_superres245.lib G:\install\OpenCVinstall\opencv\build\x64\vc11\lib\opencv_ts245.lib G:\install\OpenCVinstall\opencv\build\x64\vc11\lib\opencv_video245.lib G:\install\OpenCVinstall\opencv\build\x64\vc11\lib\opencv_videostab245.lib /MANIFEST /MANIFESTUAC:"level='asInvoker' uiAccess='false'" /manifest:embed /PDB:"H:/intrinsic_image_work_record/code/Meanshift/build/Release/meanshift-cv.pdb" /SUBSYSTEM:CONSOLE /TLBID:1 /DYNAMICBASE /NXCOMPAT /IMPLIB:"H:/intrinsic_image_work_record/code/Meanshift/build/Release/meanshift-cv.lib" /MACHINE:X64  /machine:x64 "meanshift-cv.dir\Release\basic.obj"
         "meanshift-cv.dir\Release\ms.obj"
         "meanshift-cv.dir\Release\msImageProcessor.obj"
         "meanshift-cv.dir\Release\msSysPrompt.obj"
         "meanshift-cv.dir\Release\ms_cv.obj"
         "meanshift-cv.dir\Release\RAList.obj"
         "meanshift-cv.dir\Release\rlist.obj"
         meanshift-cv.vcxproj -> H:\intrinsic_image_work_record\code\Meanshift\build\Release\meanshift-cv.exe
     1>Done Building Project "H:\intrinsic_image_work_record\code\Meanshift\build\meanshift-cv.vcxproj" (Build target(s)).

Build succeeded.

Time Elapsed 00:00:03.06
