Build started 2016/3/3 18:37:15.
     1>Project "D:\RQRunning\ColorCorrection\ZWJ\Disparity\ADCensus-master\ADCensus_Build\stereoDense\stereoDense.vcxproj" on node 2 (Build target(s)).
     1>ClCompile:
         C:\Program Files (x86)\Microsoft Visual Studio 11.0\VC\bin\x86_amd64\CL.exe /c /I"D:\RQRunning\ColorCorrection\ZWJ\Disparity\ADCensus-master\ADCensus_CMake\stereoDense\.." /Zi /nologo /W3 /WX- /Od /Ob0 /D WIN32 /D _WINDOWS /D _DEBUG /D "CMAKE_INTDIR=\"Debug\"" /D _MBCS /Gm- /EHsc /RTC1 /MDd /GS /fp:precise /Zc:wchar_t /Zc:forScope /GR /openmp /Fo"stereoDense.dir\Debug\\" /Fd"stereoDense.dir\Debug\vc110.pdb" /Gd /TP /errorReport:prompt "D:\RQRunning\ColorCorrection\ZWJ\Disparity\ADCensus-master\ADCensus_CMake\stereoDense\stereoDense.cpp"
         stereoDense.cpp
     1>D:\RQRunning\ColorCorrection\ZWJ\Disparity\ADCensus-master\ADCensus_CMake\libIO/cmdLine.h(147): warning C4290: C++ exception specification ignored except to indicate a function is not __declspec(nothrow)
     1>D:\RQRunning\ColorCorrection\ZWJ\Disparity\ADCensus-master\ADCensus_CMake\stereoDense\stereoDense.cpp(44): warning C4267: '=' : conversion from 'size_t' to 'int', possible loss of data
     1>D:\RQRunning\ColorCorrection\ZWJ\Disparity\ADCensus-master\ADCensus_CMake\stereoDense\stereoDense.cpp(260): warning C4267: 'initializing' : conversion from 'size_t' to 'int', possible loss of data
     1>D:\RQRunning\ColorCorrection\ZWJ\Disparity\ADCensus-master\ADCensus_CMake\stereoDense\stereoDense.cpp(268): warning C4267: 'initializing' : conversion from 'size_t' to 'int', possible loss of data
     1>D:\RQRunning\ColorCorrection\ZWJ\Disparity\ADCensus-master\ADCensus_CMake\stereoDense\stereoDense.cpp(269): warning C4267: 'initializing' : conversion from 'size_t' to 'int', possible loss of data
     1>D:\RQRunning\ColorCorrection\ZWJ\Disparity\ADCensus-master\ADCensus_CMake\stereoDense\stereoDense.cpp(275): warning C4267: 'initializing' : conversion from 'size_t' to 'int', possible loss of data
     1>D:\RQRunning\ColorCorrection\ZWJ\Disparity\ADCensus-master\ADCensus_CMake\stereoDense\stereoDense.cpp(276): warning C4267: 'initializing' : conversion from 'size_t' to 'int', possible loss of data
     1>D:\RQRunning\ColorCorrection\ZWJ\Disparity\ADCensus-master\ADCensus_CMake\stereoDense\stereoDense.cpp(307): warning C4267: 'initializing' : conversion from 'size_t' to 'int', possible loss of data
     1>D:\RQRunning\ColorCorrection\ZWJ\Disparity\ADCensus-master\ADCensus_CMake\stereoDense\stereoDense.cpp(308): warning C4267: 'initializing' : conversion from 'size_t' to 'int', possible loss of data
     1>D:\RQRunning\ColorCorrection\ZWJ\Disparity\ADCensus-master\ADCensus_CMake\stereoDense\stereoDense.cpp(309): warning C4267: 'initializing' : conversion from 'size_t' to 'int', possible loss of data
     1>D:\RQRunning\ColorCorrection\ZWJ\Disparity\ADCensus-master\ADCensus_CMake\stereoDense\stereoDense.cpp(310): warning C4267: 'initializing' : conversion from 'size_t' to 'int', possible loss of data
     1>D:\RQRunning\ColorCorrection\ZWJ\Disparity\ADCensus-master\ADCensus_CMake\stereoDense\stereoDense.cpp(311): warning C4267: 'initializing' : conversion from 'size_t' to 'int', possible loss of data
     1>D:\RQRunning\ColorCorrection\ZWJ\Disparity\ADCensus-master\ADCensus_CMake\stereoDense\stereoDense.cpp(312): warning C4267: 'initializing' : conversion from 'size_t' to 'int', possible loss of data
     1>D:\RQRunning\ColorCorrection\ZWJ\Disparity\ADCensus-master\ADCensus_CMake\stereoDense\stereoDense.cpp(363): warning C4267: 'initializing' : conversion from 'size_t' to 'int', possible loss of data
     1>D:\RQRunning\ColorCorrection\ZWJ\Disparity\ADCensus-master\ADCensus_CMake\stereoDense\stereoDense.cpp(364): warning C4267: 'initializing' : conversion from 'size_t' to 'int', possible loss of data
     1>D:\RQRunning\ColorCorrection\ZWJ\Disparity\ADCensus-master\ADCensus_CMake\stereoDense\stereoDense.cpp(430): warning C4267: 'initializing' : conversion from 'size_t' to 'int', possible loss of data
     1>D:\RQRunning\ColorCorrection\ZWJ\Disparity\ADCensus-master\ADCensus_CMake\stereoDense\stereoDense.cpp(431): warning C4267: 'initializing' : conversion from 'size_t' to 'int', possible loss of data
     1>C:\Program Files (x86)\Microsoft Visual Studio 11.0\VC\include\xutility(2761): warning C4996: 'std::_Fill_n': Function call with parameters that may be unsafe - this call relies on the caller to check that the passed values are correct. To disable this warning, use -D_SCL_SECURE_NO_WARNINGS. See documentation on how to use Visual C++ 'Checked Iterators'
                 C:\Program Files (x86)\Microsoft Visual Studio 11.0\VC\include\xutility(2747) : see declaration of 'std::_Fill_n'
                 D:\RQRunning\ColorCorrection\ZWJ\Disparity\ADCensus-master\ADCensus_CMake\stereoDense\stereoDense.cpp(93) : see reference to function template instantiation '_OutIt std::fill_n<float*,int,std::numeric_limits<float>::_Ty>(_OutIt,_Diff,const _Ty &)' being compiled
                 with
                 [
                     _OutIt=float *,
                     _Diff=int,
                     _Ty=std::numeric_limits<float>::_Ty
                 ]
                 C:\Program Files (x86)\Microsoft Visual Studio 11.0\VC\include\xutility(2747) : see declaration of 'std::_Fill_n'
       Link:
         C:\Program Files (x86)\Microsoft Visual Studio 11.0\VC\bin\x86_amd64\link.exe /ERRORREPORT:PROMPT /OUT:"D:\RQRunning\ColorCorrection\ZWJ\Disparity\ADCensus-master\ADCensus_Build\bin\Debug\stereoDense.exe" /INCREMENTAL /NOLOGO kernel32.lib user32.lib gdi32.lib winspool.lib shell32.lib ole32.lib oleaut32.lib uuid.lib comdlg32.lib advapi32.lib ..\lib\Debug\Stereo.lib ..\lib\Debug\IO.lib ..\lib\Debug\tiff.lib ..\lib\Debug\png.lib ..\lib\Debug\zlibd.lib /MANIFEST /MANIFESTUAC:"level='asInvoker' uiAccess='false'" /manifest:embed /DEBUG /PDB:"D:/RQRunning/ColorCorrection/ZWJ/Disparity/ADCensus-master/ADCensus_Build/bin/Debug/stereoDense.pdb" /SUBSYSTEM:CONSOLE /TLBID:1 /DYNAMICBASE /NXCOMPAT /IMPLIB:"D:/RQRunning/ColorCorrection/ZWJ/Disparity/ADCensus-master/ADCensus_Build/lib/Debug/stereoDense.lib" /MACHINE:X64  /machine:x64 /debug stereoDense.dir\Debug\stereoDense.obj
         stereoDense.dir\Debug\parameters.obj
         stereoDense.vcxproj -> D:\RQRunning\ColorCorrection\ZWJ\Disparity\ADCensus-master\ADCensus_Build\bin\Debug\stereoDense.exe
     1>Done Building Project "D:\RQRunning\ColorCorrection\ZWJ\Disparity\ADCensus-master\ADCensus_Build\stereoDense\stereoDense.vcxproj" (Build target(s)).

Build succeeded.

Time Elapsed 00:00:01.29
