Build started 2016/4/26 21:05:55.
     1>Project "H:\intrinsic_image_work_record\code\Meanshift\build\meanshift-cv.vcxproj" on node 2 (Build target(s)).
     1>CustomBuild:
         Building Custom Rule H:/intrinsic_image_work_record/code/Meanshift/source/CMakeLists.txt
         CMake does not need to re-run because H:\intrinsic_image_work_record\code\Meanshift\build\CMakeFiles\generate.stamp is up-to-date.
       ClCompile:
         C:\Program Files (x86)\Microsoft Visual Studio 11.0\VC\bin\x86_amd64\CL.exe /c /IG:\install\OpenCVinstall\opencv\build\include /IG:\install\OpenCVinstall\opencv\build\include\opencv /Zi /nologo /W3 /WX- /Od /Ob0 /D WIN32 /D _WINDOWS /D _DEBUG /D "CMAKE_INTDIR=\"Debug\"" /D _MBCS /Gm- /EHsc /RTC1 /MDd /GS /fp:precise /Zc:wchar_t /Zc:forScope /GR /Fo"meanshift-cv.dir\Debug\\" /Fd"meanshift-cv.dir\Debug\vc110.pdb" /Gd /TP /errorReport:prompt H:\intrinsic_image_work_record\code\Meanshift\source\basic.cpp H:\intrinsic_image_work_record\code\Meanshift\source\ms.cpp H:\intrinsic_image_work_record\code\Meanshift\source\msImageProcessor.cpp H:\intrinsic_image_work_record\code\Meanshift\source\msSysPrompt.cpp H:\intrinsic_image_work_record\code\Meanshift\source\ms_cv.cpp H:\intrinsic_image_work_record\code\Meanshift\source\RAList.cpp H:\intrinsic_image_work_record\code\Meanshift\source\rlist.cpp
         basic.cpp
     1>g:\install\opencvinstall\opencv\build\include\opencv2\flann\logger.h(66): warning C4996: 'fopen': This function or variable may be unsafe. Consider using fopen_s instead. To disable deprecation, use _CRT_SECURE_NO_WARNINGS. See online help for details.
                 C:\Program Files (x86)\Microsoft Visual Studio 11.0\VC\include\stdio.h(218) : see declaration of 'fopen'
         ms.cpp
     1>H:\intrinsic_image_work_record\code\Meanshift\source\ms.cpp(1154): warning C4996: 'strcpy': This function or variable may be unsafe. Consider using strcpy_s instead. To disable deprecation, use _CRT_SECURE_NO_WARNINGS. See online help for details.
                 C:\Program Files (x86)\Microsoft Visual Studio 11.0\VC\include\string.h(110) : see declaration of 'strcpy'
     1>H:\intrinsic_image_work_record\code\Meanshift\source\ms.cpp(1155): warning C4996: 'strcat': This function or variable may be unsafe. Consider using strcat_s instead. To disable deprecation, use _CRT_SECURE_NO_WARNINGS. See online help for details.
                 C:\Program Files (x86)\Microsoft Visual Studio 11.0\VC\include\string.h(115) : see declaration of 'strcat'
     1>H:\intrinsic_image_work_record\code\Meanshift\source\ms.cpp(1156): warning C4996: 'strcat': This function or variable may be unsafe. Consider using strcat_s instead. To disable deprecation, use _CRT_SECURE_NO_WARNINGS. See online help for details.
                 C:\Program Files (x86)\Microsoft Visual Studio 11.0\VC\include\string.h(115) : see declaration of 'strcat'
     1>H:\intrinsic_image_work_record\code\Meanshift\source\ms.cpp(1157): warning C4996: 'strcat': This function or variable may be unsafe. Consider using strcat_s instead. To disable deprecation, use _CRT_SECURE_NO_WARNINGS. See online help for details.
                 C:\Program Files (x86)\Microsoft Visual Studio 11.0\VC\include\string.h(115) : see declaration of 'strcat'
     1>H:\intrinsic_image_work_record\code\Meanshift\source\ms.cpp(1160): warning C4996: 'strcat': This function or variable may be unsafe. Consider using strcat_s instead. To disable deprecation, use _CRT_SECURE_NO_WARNINGS. See online help for details.
                 C:\Program Files (x86)\Microsoft Visual Studio 11.0\VC\include\string.h(115) : see declaration of 'strcat'
         msImageProcessor.cpp
     1>H:\intrinsic_image_work_record\code\Meanshift\source\msImageProcessor.cpp(107): warning C4305: '=' : truncation from 'double' to 'float'
         msSysPrompt.cpp
         ms_cv.cpp
     1>g:\install\opencvinstall\opencv\build\include\opencv2\flann\logger.h(66): warning C4996: 'fopen': This function or variable may be unsafe. Consider using fopen_s instead. To disable deprecation, use _CRT_SECURE_NO_WARNINGS. See online help for details.
                 C:\Program Files (x86)\Microsoft Visual Studio 11.0\VC\include\stdio.h(218) : see declaration of 'fopen'
     1>H:\intrinsic_image_work_record\code\Meanshift\source\ms_cv.cpp(132): warning C4244: 'argument' : conversion from 'int' to 'float', possible loss of data
         RAList.cpp
         rlist.cpp
         Generating Code...
       Link:
         C:\Program Files (x86)\Microsoft Visual Studio 11.0\VC\bin\x86_amd64\link.exe /ERRORREPORT:PROMPT /OUT:"H:\intrinsic_image_work_record\code\Meanshift\build\Debug\meanshift-cv.exe" /INCREMENTAL /NOLOGO /LIBPATH:G:/install/OpenCVinstall/opencv/build/x64/vc11/lib /LIBPATH:G:/install/OpenCVinstall/opencv/build/x64/vc11/lib/Debug kernel32.lib user32.lib gdi32.lib winspool.lib shell32.lib ole32.lib oleaut32.lib uuid.lib comdlg32.lib advapi32.lib G:\install\OpenCVinstall\opencv\build\x64\vc11\lib\opencv_calib3d245d.lib G:\install\OpenCVinstall\opencv\build\x64\vc11\lib\opencv_contrib245d.lib G:\install\OpenCVinstall\opencv\build\x64\vc11\lib\opencv_core245d.lib G:\install\OpenCVinstall\opencv\build\x64\vc11\lib\opencv_features2d245d.lib G:\install\OpenCVinstall\opencv\build\x64\vc11\lib\opencv_flann245d.lib G:\install\OpenCVinstall\opencv\build\x64\vc11\lib\opencv_gpu245d.lib G:\install\OpenCVinstall\opencv\build\x64\vc11\lib\opencv_highgui245d.lib G:\install\OpenCVinstall\opencv\build\x64\vc11\lib\opencv_imgproc245d.lib G:\install\OpenCVinstall\opencv\build\x64\vc11\lib\opencv_legacy245d.lib G:\install\OpenCVinstall\opencv\build\x64\vc11\lib\opencv_ml245d.lib G:\install\OpenCVinstall\opencv\build\x64\vc11\lib\opencv_nonfree245d.lib G:\install\OpenCVinstall\opencv\build\x64\vc11\lib\opencv_objdetect245d.lib G:\install\OpenCVinstall\opencv\build\x64\vc11\lib\opencv_photo245d.lib G:\install\OpenCVinstall\opencv\build\x64\vc11\lib\opencv_stitching245d.lib G:\install\OpenCVinstall\opencv\build\x64\vc11\lib\opencv_superres245d.lib G:\install\OpenCVinstall\opencv\build\x64\vc11\lib\opencv_ts245d.lib G:\install\OpenCVinstall\opencv\build\x64\vc11\lib\opencv_video245d.lib G:\install\OpenCVinstall\opencv\build\x64\vc11\lib\opencv_videostab245d.lib /MANIFEST /MANIFESTUAC:"level='asInvoker' uiAccess='false'" /manifest:embed /DEBUG /PDB:"H:/intrinsic_image_work_record/code/Meanshift/build/Debug/meanshift-cv.pdb" /SUBSYSTEM:CONSOLE /TLBID:1 /DYNAMICBASE /NXCOMPAT /IMPLIB:"H:/intrinsic_image_work_record/code/Meanshift/build/Debug/meanshift-cv.lib" /MACHINE:X64  /machine:x64 /debug "meanshift-cv.dir\Debug\basic.obj"
         "meanshift-cv.dir\Debug\ms.obj"
         "meanshift-cv.dir\Debug\msImageProcessor.obj"
         "meanshift-cv.dir\Debug\msSysPrompt.obj"
         "meanshift-cv.dir\Debug\ms_cv.obj"
         "meanshift-cv.dir\Debug\RAList.obj"
         "meanshift-cv.dir\Debug\rlist.obj"
         meanshift-cv.vcxproj -> H:\intrinsic_image_work_record\code\Meanshift\build\Debug\meanshift-cv.exe
     1>Done Building Project "H:\intrinsic_image_work_record\code\Meanshift\build\meanshift-cv.vcxproj" (Build target(s)).

Build succeeded.

Time Elapsed 00:00:06.42
