Build started 2016/2/28 19:50:41.
     1>Project "D:\RQRunning\ColorCorrection\ZWJ\Disparity\ADCensus-master\ADCensus_Build\libStereo\Stereo.vcxproj" on node 2 (Rebuild target(s)).
     1>CustomBuild:
         Building Custom Rule D:/RQRunning/ColorCorrection/ZWJ/Disparity/ADCensus-master/ADCensus_CMake/libStereo/CMakeLists.txt
         CMake does not need to re-run because D:\RQRunning\ColorCorrection\ZWJ\Disparity\ADCensus-master\ADCensus_Build\libStereo\CMakeFiles\generate.stamp is up-to-date.
       ClCompile:
         C:\Program Files (x86)\Microsoft Visual Studio 11.0\VC\bin\x86_amd64\CL.exe /c /I"D:\RQRunning\ColorCorrection\ZWJ\Disparity\ADCensus-master\ADCensus_CMake\libStereo\.." /Zi /nologo /W3 /WX- /Od /Ob0 /D WIN32 /D _WINDOWS /D _DEBUG /D "CMAKE_INTDIR=\"Debug\"" /D _MBCS /Gm- /EHsc /RTC1 /MDd /GS /fp:precise /Zc:wchar_t /Zc:forScope /GR /Fo"Stereo.dir\Debug\\" /Fd"Stereo.dir\Debug\vc110.pdb" /Gd /TP /errorReport:prompt "D:\RQRunning\ColorCorrection\ZWJ\Disparity\ADCensus-master\ADCensus_CMake\libStereo\patch.cpp" "D:\RQRunning\ColorCorrection\ZWJ\Disparity\ADCensus-master\ADCensus_CMake\libStereo\scanlineOptimization.cpp" "D:\RQRunning\ColorCorrection\ZWJ\Disparity\ADCensus-master\ADCensus_CMake\libStereo\occlusion.cpp"
         patch.cpp
         scanlineOptimization.cpp
     1>C:\Program Files (x86)\Microsoft Visual Studio 11.0\VC\include\xutility(2646): warning C4244: '=' : conversion from 'const int' to 'float', possible loss of data
                 C:\Program Files (x86)\Microsoft Visual Studio 11.0\VC\include\xutility(2669) : see reference to function template instantiation 'void std::_Fill<_Iter,_Ty>(_FwdIt,_FwdIt,const _Ty &)' being compiled
                 with
                 [
                     _Iter=float *,
                     _Ty=int,
                     _FwdIt=float *
                 ]
                 D:\RQRunning\ColorCorrection\ZWJ\Disparity\ADCensus-master\ADCensus_CMake\libStereo\scanlineOptimization.cpp(200) : see reference to function template instantiation 'void std::fill<float*,int>(_FwdIt,_FwdIt,const _Ty &)' being compiled
                 with
                 [
                     _FwdIt=float *,
                     _Ty=int
                 ]
         occlusion.cpp
     1>C:\Program Files (x86)\Microsoft Visual Studio 11.0\VC\include\xutility(2176): warning C4996: 'std::_Copy_impl': Function call with parameters that may be unsafe - this call relies on the caller to check that the passed values are correct. To disable this warning, use -D_SCL_SECURE_NO_WARNINGS. See documentation on how to use Visual C++ 'Checked Iterators'
                 C:\Program Files (x86)\Microsoft Visual Studio 11.0\VC\include\xutility(2157) : see declaration of 'std::_Copy_impl'
                 D:\RQRunning\ColorCorrection\ZWJ\Disparity\ADCensus-master\ADCensus_CMake\libStereo\occlusion.cpp(150) : see reference to function template instantiation '_OutIt std::copy<T*,T*>(_InIt,_InIt,_OutIt)' being compiled
                 with
                 [
                     _OutIt=int *,
                     T=int,
                     _InIt=int *
                 ]
     1>C:\Program Files (x86)\Microsoft Visual Studio 11.0\VC\include\xutility(2646): warning C4244: '=' : conversion from 'const int' to 'float', possible loss of data
                 C:\Program Files (x86)\Microsoft Visual Studio 11.0\VC\include\xutility(2669) : see reference to function template instantiation 'void std::_Fill<float*,_Ty>(_FwdIt,_FwdIt,const _Ty &)' being compiled
                 with
                 [
                     _Ty=int,
                     _FwdIt=float *
                 ]
                 D:\RQRunning\ColorCorrection\ZWJ\Disparity\ADCensus-master\ADCensus_CMake\libStereo\occlusion.cpp(240) : see reference to function template instantiation 'void std::fill<std::_Vector_iterator<_Myvec>,int>(_FwdIt,_FwdIt,const _Ty &)' being compiled
                 with
                 [
                     _Myvec=std::_Vector_val<std::_Simple_types<float>>,
                     _FwdIt=std::_Vector_iterator<std::_Vector_val<std::_Simple_types<float>>>,
                     _Ty=int
                 ]
         Generating Code...
       Lib:
         C:\Program Files (x86)\Microsoft Visual Studio 11.0\VC\bin\x86_amd64\Lib.exe /OUT:"D:\RQRunning\ColorCorrection\ZWJ\Disparity\ADCensus-master\ADCensus_Build\lib\Debug\Stereo.lib" /NOLOGO /MACHINE:X64 Stereo.dir\Debug\patch.obj
         Stereo.dir\Debug\scanlineOptimization.obj
         Stereo.dir\Debug\occlusion.obj
     1>patch.obj : warning LNK4006: "float __cdecl adCensus(int,int,int,int,class PARAMETERS const &)" (?adCensus@@YAMHHHHAEBVPARAMETERS@@@Z) already defined in occlusion.obj; second definition ignored
     1>patch.obj : warning LNK4006: "void __cdecl agregateCosts2D(float *,bool,class PARAMETERS const &)" (?agregateCosts2D@@YAXPEAM_NAEBVPARAMETERS@@@Z) already defined in occlusion.obj; second definition ignored
     1>patch.obj : warning LNK4006: "float __cdecl ad(int,int,int,int,class PARAMETERS const &)" (?ad@@YAMHHHHAEBVPARAMETERS@@@Z) already defined in occlusion.obj; second definition ignored
     1>patch.obj : warning LNK4006: "float __cdecl census(int,int,int,int,class PARAMETERS const &)" (?census@@YAMHHHHAEBVPARAMETERS@@@Z) already defined in occlusion.obj; second definition ignored
     1>patch.obj : warning LNK4006: "float * __cdecl agregateCosts1D(float const *,int,int,float *,class PARAMETERS const &)" (?agregateCosts1D@@YAPEAMPEBMHHPEAMAEBVPARAMETERS@@@Z) already defined in occlusion.obj; second definition ignored
     1>patch.obj : warning LNK4221: This object file does not define any previously undefined public symbols, so it will not be used by any link operation that consumes this library
         Stereo.vcxproj -> D:\RQRunning\ColorCorrection\ZWJ\Disparity\ADCensus-master\ADCensus_Build\lib\Debug\Stereo.lib
     1>Done Building Project "D:\RQRunning\ColorCorrection\ZWJ\Disparity\ADCensus-master\ADCensus_Build\libStereo\Stereo.vcxproj" (Rebuild target(s)).

Build succeeded.

Time Elapsed 00:00:03.13
